<?xml version="1.0" encoding="UTF-8"?>
<testng-results skipped="0" failed="0" ignored="0" total="1" passed="1">
  <reporter-output>
  </reporter-output>
  <suite name="Suite" duration-ms="19701" started-at="2018-03-13T02:06:48Z" finished-at="2018-03-13T02:07:07Z">
    <groups>
      <group name="cucumber">
        <method signature="AbstractTestNGCucumberTests.feature(cucumber.api.testng.CucumberFeatureWrapper)[pri:0, instance:com.usa.project.TestNgRunner@3aeaafa6]" name="feature" class="cucumber.api.testng.AbstractTestNGCucumberTests"/>
      </group> <!-- cucumber -->
    </groups>
    <test name="Test" duration-ms="19701" started-at="2018-03-13T02:06:48Z" finished-at="2018-03-13T02:07:07Z">
      <class name="com.usa.project.TestNgRunner">
        <test-method status="PASS" signature="setUpClass()[pri:0, instance:com.usa.project.TestNgRunner@3aeaafa6]" name="setUpClass" is-config="true" duration-ms="683" started-at="2018-03-13T02:06:48Z" finished-at="2018-03-13T02:06:48Z">
          <reporter-output>
          </reporter-output>
        </test-method> <!-- setUpClass -->
        <test-method status="PASS" signature="feature(cucumber.api.testng.CucumberFeatureWrapper)[pri:0, instance:com.usa.project.TestNgRunner@3aeaafa6]" name="feature" duration-ms="18144" started-at="2018-03-13T02:06:48Z" description="Runs Cucumber Feature" data-provider="features" finished-at="2018-03-13T02:07:07Z">
          <params>
            <param index="0">
              <value>
                <![CDATA[Validation email delivery function]]>
              </value>
            </param>
          </params>
          <reporter-output>
          </reporter-output>
        </test-method> <!-- feature -->
        <test-method status="PASS" signature="tearDownClass()[pri:0, instance:com.usa.project.TestNgRunner@3aeaafa6]" name="tearDownClass" is-config="true" duration-ms="687" started-at="2018-03-13T02:07:07Z" finished-at="2018-03-13T02:07:07Z">
          <reporter-output>
          </reporter-output>
        </test-method> <!-- tearDownClass -->
      </class> <!-- com.usa.project.TestNgRunner -->
    </test> <!-- Test -->
  </suite> <!-- Suite -->
</testng-results>
